{"/home/aaron/401d29/docs/Lab-03/lib/reader-fixed.js": {"path":"/home/aaron/401d29/docs/Lab-03/lib/reader-fixed.js","statementMap":{"0":{"start":{"line":3,"column":11},"end":{"line":3,"column":24}},"1":{"start":{"line":4,"column":15},"end":{"line":4,"column":17}},"2":{"start":{"line":9,"column":0},"end":{"line":14,"column":2}},"3":{"start":{"line":12,"column":2},"end":{"line":12,"column":31}},"4":{"start":{"line":13,"column":2},"end":{"line":13,"column":16}},"5":{"start":{"line":21,"column":16},"end":{"line":26,"column":1}},"6":{"start":{"line":22,"column":2},"end":{"line":25,"column":5}},"7":{"start":{"line":23,"column":4},"end":{"line":24,"column":39}},"8":{"start":{"line":23,"column":14},"end":{"line":23,"column":28}},"9":{"start":{"line":24,"column":11},"end":{"line":24,"column":37}},"10":{"start":{"line":33,"column":16},"end":{"line":69,"column":1}},"11":{"start":{"line":35,"column":17},"end":{"line":35,"column":19}},"12":{"start":{"line":36,"column":2},"end":{"line":66,"column":5}},"13":{"start":{"line":37,"column":4},"end":{"line":63,"column":5}},"14":{"start":{"line":38,"column":6},"end":{"line":38,"column":20}},"15":{"start":{"line":41,"column":6},"end":{"line":41,"column":33}},"16":{"start":{"line":42,"column":6},"end":{"line":42,"column":44}},"17":{"start":{"line":44,"column":6},"end":{"line":62,"column":9}},"18":{"start":{"line":45,"column":8},"end":{"line":60,"column":9}},"19":{"start":{"line":46,"column":10},"end":{"line":46,"column":24}},"20":{"start":{"line":48,"column":10},"end":{"line":48,"column":37}},"21":{"start":{"line":49,"column":10},"end":{"line":49,"column":48}},"22":{"start":{"line":51,"column":10},"end":{"line":59,"column":13}},"23":{"start":{"line":52,"column":12},"end":{"line":58,"column":13}},"24":{"start":{"line":53,"column":14},"end":{"line":53,"column":28}},"25":{"start":{"line":55,"column":14},"end":{"line":55,"column":41}},"26":{"start":{"line":56,"column":14},"end":{"line":56,"column":52}},"27":{"start":{"line":57,"column":14},"end":{"line":57,"column":44}}},"fnMap":{"0":{"name":"(anonymous_0)","decl":{"start":{"line":9,"column":27},"end":{"line":9,"column":28}},"loc":{"start":{"line":9,"column":48},"end":{"line":14,"column":1}},"line":9},"1":{"name":"(anonymous_1)","decl":{"start":{"line":21,"column":16},"end":{"line":21,"column":17}},"loc":{"start":{"line":21,"column":36},"end":{"line":26,"column":1}},"line":21},"2":{"name":"(anonymous_2)","decl":{"start":{"line":22,"column":21},"end":{"line":22,"column":22}},"loc":{"start":{"line":22,"column":36},"end":{"line":25,"column":3}},"line":22},"3":{"name":"(anonymous_3)","decl":{"start":{"line":33,"column":16},"end":{"line":33,"column":17}},"loc":{"start":{"line":33,"column":37},"end":{"line":69,"column":1}},"line":33},"4":{"name":"(anonymous_4)","decl":{"start":{"line":36,"column":20},"end":{"line":36,"column":21}},"loc":{"start":{"line":36,"column":35},"end":{"line":66,"column":3}},"line":36},"5":{"name":"(anonymous_5)","decl":{"start":{"line":44,"column":24},"end":{"line":44,"column":25}},"loc":{"start":{"line":44,"column":39},"end":{"line":62,"column":7}},"line":44},"6":{"name":"(anonymous_6)","decl":{"start":{"line":51,"column":28},"end":{"line":51,"column":29}},"loc":{"start":{"line":51,"column":43},"end":{"line":59,"column":11}},"line":51}},"branchMap":{"0":{"loc":{"start":{"line":23,"column":4},"end":{"line":24,"column":39}},"type":"if","locations":[{"start":{"line":23,"column":4},"end":{"line":24,"column":39}},{"start":{"line":23,"column":4},"end":{"line":24,"column":39}}],"line":23},"1":{"loc":{"start":{"line":37,"column":4},"end":{"line":63,"column":5}},"type":"if","locations":[{"start":{"line":37,"column":4},"end":{"line":63,"column":5}},{"start":{"line":37,"column":4},"end":{"line":63,"column":5}}],"line":37},"2":{"loc":{"start":{"line":45,"column":8},"end":{"line":60,"column":9}},"type":"if","locations":[{"start":{"line":45,"column":8},"end":{"line":60,"column":9}},{"start":{"line":45,"column":8},"end":{"line":60,"column":9}}],"line":45},"3":{"loc":{"start":{"line":52,"column":12},"end":{"line":58,"column":13}},"type":"if","locations":[{"start":{"line":52,"column":12},"end":{"line":58,"column":13}},{"start":{"line":52,"column":12},"end":{"line":58,"column":13}}],"line":52}},"s":{"0":1,"1":1,"2":1,"3":2,"4":2,"5":1,"6":4,"7":4,"8":1,"9":3,"10":1,"11":2,"12":2,"13":2,"14":1,"15":1,"16":1,"17":1,"18":1,"19":0,"20":1,"21":1,"22":1,"23":1,"24":0,"25":1,"26":1,"27":1},"f":{"0":2,"1":4,"2":4,"3":2,"4":2,"5":1,"6":1},"b":{"0":[1,3],"1":[1,1],"2":[0,1],"3":[0,1]},"_coverageSchema":"43e27e138ebf9cfc5966b082cf9a028302ed4184","hash":"75cb23ccc240679050191c4213d1e69bd60ac90f"}
,"/home/aaron/401d29/docs/Lab-03/lib/reader-promises.js": {"path":"/home/aaron/401d29/docs/Lab-03/lib/reader-promises.js","statementMap":{"0":{"start":{"line":3,"column":11},"end":{"line":3,"column":24}},"1":{"start":{"line":4,"column":13},"end":{"line":4,"column":28}},"2":{"start":{"line":5,"column":15},"end":{"line":5,"column":17}},"3":{"start":{"line":6,"column":13},"end":{"line":6,"column":40}},"4":{"start":{"line":11,"column":0},"end":{"line":14,"column":2}},"5":{"start":{"line":12,"column":2},"end":{"line":12,"column":31}},"6":{"start":{"line":13,"column":2},"end":{"line":13,"column":16}},"7":{"start":{"line":22,"column":16},"end":{"line":47,"column":1}},"8":{"start":{"line":24,"column":17},"end":{"line":24,"column":19}},"9":{"start":{"line":26,"column":2},"end":{"line":45,"column":7}},"10":{"start":{"line":28,"column":6},"end":{"line":28,"column":45}},"11":{"start":{"line":29,"column":6},"end":{"line":29,"column":44}},"12":{"start":{"line":30,"column":6},"end":{"line":44,"column":11}},"13":{"start":{"line":32,"column":10},"end":{"line":32,"column":49}},"14":{"start":{"line":33,"column":10},"end":{"line":33,"column":48}},"15":{"start":{"line":34,"column":10},"end":{"line":43,"column":15}},"16":{"start":{"line":36,"column":14},"end":{"line":36,"column":53}},"17":{"start":{"line":37,"column":14},"end":{"line":37,"column":52}},"18":{"start":{"line":38,"column":14},"end":{"line":38,"column":50}},"19":{"start":{"line":39,"column":14},"end":{"line":39,"column":44}}},"fnMap":{"0":{"name":"(anonymous_0)","decl":{"start":{"line":11,"column":27},"end":{"line":11,"column":28}},"loc":{"start":{"line":11,"column":48},"end":{"line":14,"column":1}},"line":11},"1":{"name":"(anonymous_1)","decl":{"start":{"line":22,"column":16},"end":{"line":22,"column":17}},"loc":{"start":{"line":22,"column":37},"end":{"line":47,"column":1}},"line":22},"2":{"name":"(anonymous_2)","decl":{"start":{"line":27,"column":10},"end":{"line":27,"column":11}},"loc":{"start":{"line":27,"column":18},"end":{"line":45,"column":5}},"line":27},"3":{"name":"(anonymous_3)","decl":{"start":{"line":31,"column":14},"end":{"line":31,"column":15}},"loc":{"start":{"line":31,"column":22},"end":{"line":44,"column":9}},"line":31},"4":{"name":"(anonymous_4)","decl":{"start":{"line":35,"column":18},"end":{"line":35,"column":19}},"loc":{"start":{"line":35,"column":26},"end":{"line":43,"column":13}},"line":35}},"branchMap":{},"s":{"0":1,"1":1,"2":1,"3":1,"4":1,"5":2,"6":2,"7":1,"8":2,"9":2,"10":1,"11":1,"12":1,"13":1,"14":1,"15":1,"16":1,"17":1,"18":1,"19":1},"f":{"0":2,"1":2,"2":1,"3":1,"4":1},"b":{},"_coverageSchema":"43e27e138ebf9cfc5966b082cf9a028302ed4184","hash":"1e6c9fcdcaf2c83daa3b7d521147523dd7db964b"}
}
