TN:
SF:/home/aaron/401d29/docs/Lab-03/lib/reader-fixed.js
FN:9,(anonymous_0)
FN:21,(anonymous_1)
FN:22,(anonymous_2)
FN:33,(anonymous_3)
FN:36,(anonymous_4)
FN:44,(anonymous_5)
FN:51,(anonymous_6)
FNF:7
FNH:7
FNDA:2,(anonymous_0)
FNDA:4,(anonymous_1)
FNDA:4,(anonymous_2)
FNDA:2,(anonymous_3)
FNDA:2,(anonymous_4)
FNDA:1,(anonymous_5)
FNDA:1,(anonymous_6)
DA:3,1
DA:4,1
DA:9,1
DA:12,2
DA:13,2
DA:21,1
DA:22,4
DA:23,4
DA:24,3
DA:33,1
DA:35,2
DA:36,2
DA:37,2
DA:38,1
DA:41,1
DA:42,1
DA:44,1
DA:45,1
DA:46,0
DA:48,1
DA:49,1
DA:51,1
DA:52,1
DA:53,0
DA:55,1
DA:56,1
DA:57,1
LF:27
LH:25
BRDA:23,0,0,1
BRDA:23,0,1,3
BRDA:37,1,0,1
BRDA:37,1,1,1
BRDA:45,2,0,0
BRDA:45,2,1,1
BRDA:52,3,0,0
BRDA:52,3,1,1
BRF:8
BRH:6
end_of_record
TN:
SF:/home/aaron/401d29/docs/Lab-03/lib/reader-promises.js
FN:11,(anonymous_0)
FN:22,(anonymous_1)
FN:27,(anonymous_2)
FN:31,(anonymous_3)
FN:35,(anonymous_4)
FNF:5
FNH:5
FNDA:2,(anonymous_0)
FNDA:2,(anonymous_1)
FNDA:1,(anonymous_2)
FNDA:1,(anonymous_3)
FNDA:1,(anonymous_4)
DA:3,1
DA:4,1
DA:5,1
DA:6,1
DA:11,1
DA:12,2
DA:13,2
DA:22,1
DA:24,2
DA:26,2
DA:28,1
DA:29,1
DA:30,1
DA:32,1
DA:33,1
DA:34,1
DA:36,1
DA:37,1
DA:38,1
DA:39,1
LF:20
LH:20
BRF:0
BRH:0
end_of_record
